\begin{figure}
    \centering
    \begin{verbatim}
param1:
[...]
->  Hash Join  (cost=20.55..32.45 rows=1 width=40) (actual time=1.753..1.753 rows=1 loops=202)
      Hash Cond: (e.in_1 = c_3.out_1)
      ->  CTE Scan on e  (cost=0.00..10.00 rows=500 width=36) (actual time=0.000..0.007 rows=101 loops=201)
      ->  Hash  (cost=20.54..20.54 rows=1 width=12) (actual time=1.736..1.736 rows=100 loops=202)
            Buckets: 1024  Batches: 1  Memory Usage: 8kB
            ->  Nested Loop Anti Join  (cost=0.00..20.54 rows=1 width=12) (actual time=0.037..1.721 rows=100 loops=202)
                  Join Filter: (e_1.in_1 = c_3.in_1)
                  Rows Removed by Join Filter: 13601
                  ->  CTE Scan on callgraph c_3  (cost=0.00..4.29 rows=1 width=12) (actual time=0.000..0.029 rows=201 loops=202)
                        Filter: (call_site = ANY ('{1}'::integer[]))
                        Rows Removed by Filter: 1
                  ->  CTE Scan on e e_1  (cost=0.00..10.00 rows=500 width=4) (actual time=0.000..0.004 rows=68 loops=40602)
[...]

param4:
[...]
->  Nested Loop Anti Join  (cost=4.31..74.82 rows=1 width=52) (actual time=0.992..0.992 rows=1 loops=202)
      Join Filter: ((e_1.in_1 = c_3.in_1) AND (e_1.in_2 = c_3.in_2) AND (e_1.in_3 = c_3.in_3) AND (e_1.in_4 = c_3.in_4))
      Rows Removed by Join Filter: 6901
      ->  Hash Join  (cost=4.31..37.22 rows=1 width=52) (actual time=0.002..0.045 rows=101 loops=202)
            Hash Cond: ((e.in_1 = c_3.out_1) AND (e.in_2 = c_3.out_2) AND (e.in_3 = c_3.out_3) AND (e.in_4 = c_3.out_4))
            ->  CTE Scan on e  (cost=0.00..18.80 rows=940 width=48) (actual time=0.000..0.008 rows=102 loops=202)
            ->  Hash  (cost=4.29..4.29 rows=1 width=36) (actual time=0.053..0.053 rows=201 loops=1)
                  Buckets: 1024  Batches: 1  Memory Usage: 22kB
                  ->  CTE Scan on callgraph c_3  (cost=0.00..4.29 rows=1 width=36) (actual time=0.001..0.025 rows=201 loops=1)
                        Filter: (call_site = ANY ('{1}'::integer[]))
                        Rows Removed by Filter: 1
      ->  CTE Scan on e e_1  (cost=0.00..18.80 rows=940 width=16) (actual time=0.000..0.004 rows=69 loops=20502)
[...]

    \end{verbatim}
    \caption{The UDF from \autoref{udfs:paramN} with a single arguments (param1) performs worse than the same UDf with three additional arguments (param4). The differing parts of the plans are shown here.}
    \label{plan:paramN}
\end{figure}